2026-01-20 19:32:38,704 - scanner.recon_analyzer - WARNING - CRT.sh lookup failed: HTTPSConnectionPool(host='crt.sh', port=443): Read timed out. (read timeout=5)
2026-01-20 19:43:22,727 - scanner.recon_analyzer - WARNING - CRT.sh lookup failed: HTTPSConnectionPool(host='crt.sh', port=443): Read timed out. (read timeout=5)
2026-01-20 19:43:38,174 - urllib3.connectionpool - WARNING - Retrying (Retry(total=2, connect=None, read=None, redirect=None, status=None)) after connection broken by 'ReadTimeoutError("HTTPConnectionPool(host='testphp.vulnweb.com', port=80): Read timed out. (read timeout=10)")': /
2026-01-20 20:21:38,054 - scanner.recon_analyzer - WARNING - CRT.sh lookup failed: HTTPSConnectionPool(host='crt.sh', port=443): Read timed out. (read timeout=5)
2026-01-20 20:31:46,271 - scanner.recon_analyzer - WARNING - CRT.sh lookup failed: HTTPSConnectionPool(host='crt.sh', port=443): Read timed out. (read timeout=5)
2026-01-20 20:34:51,997 - scanner.recon_analyzer - WARNING - CRT.sh lookup failed: HTTPSConnectionPool(host='crt.sh', port=443): Read timed out. (read timeout=5)
2026-01-22 19:43:34,352 - scanner.recon.recon_analyzer - WARNING - Whois lookup failed: Whois command returned no output
2026-01-22 20:33:03,129 - scanner.recon.recon_analyzer - WARNING - Whois lookup failed: Whois command returned no output
2026-01-22 20:56:42,587 - scanner.recon.recon_analyzer - WARNING - Whois lookup failed: Whois command returned no output
2026-01-26 17:28:17,198 - scanner.recon.recon_analyzer - WARNING - Whois lookup failed: timed out
2026-01-26 17:28:32,323 - scanner.recon.recon_analyzer - WARNING - CRT.sh lookup failed: HTTPSConnectionPool(host='crt.sh', port=443): Max retries exceeded with url: /?q=%25.s.com&output=json (Caused by ConnectTimeoutError(<urllib3.connection.HTTPSConnection object at 0x0000025F154597F0>, 'Connection to crt.sh timed out. (connect timeout=5)'))
2026-01-26 17:50:27,708 - scanner.recon.recon_analyzer - WARNING - Whois lookup failed: Whois command returned no output
2026-01-26 17:50:43,898 - scanner.recon.recon_analyzer - WARNING - CRT.sh lookup failed: HTTPSConnectionPool(host='crt.sh', port=443): Max retries exceeded with url: /?q=%25.192.168.1.95:1900&output=json (Caused by ConnectTimeoutError(<urllib3.connection.HTTPSConnection object at 0x000002331C6E57F0>, 'Connection to crt.sh timed out. (connect timeout=5)'))
2026-01-26 17:50:53,917 - urllib3.connectionpool - WARNING - Retrying (Retry(total=2, connect=None, read=None, redirect=None, status=None)) after connection broken by 'ConnectTimeoutError(<urllib3.connection.HTTPConnection object at 0x000002331C6E5D30>, 'Connection to 192.168.1.95 timed out. (connect timeout=10)')': /igd.xml
2026-01-26 17:51:05,922 - urllib3.connectionpool - WARNING - Retrying (Retry(total=1, connect=None, read=None, redirect=None, status=None)) after connection broken by 'ConnectTimeoutError(<urllib3.connection.HTTPConnection object at 0x0000023317959590>, 'Connection to 192.168.1.95 timed out. (connect timeout=10)')': /igd.xml
2026-01-26 17:51:19,930 - urllib3.connectionpool - WARNING - Retrying (Retry(total=0, connect=None, read=None, redirect=None, status=None)) after connection broken by 'ConnectTimeoutError(<urllib3.connection.HTTPConnection object at 0x00000233179596D0>, 'Connection to 192.168.1.95 timed out. (connect timeout=10)')': /igd.xml
2026-02-02 20:16:47,112 - scanner.recon.link_crawler - INFO - Crawled 30 URLs, discovered 1 testable URLs
2026-02-02 20:26:20,041 - scanner.recon.recon_analyzer - WARNING - CRT.sh lookup failed: HTTPSConnectionPool(host='crt.sh', port=443): Read timed out. (read timeout=5)
2026-02-02 20:30:51,708 - scanner.core.scanner_orchestrator - INFO - Starting link crawler to discover testable URLs...
2026-02-02 20:31:06,803 - scanner.recon.link_crawler - INFO - Crawled 14 URLs, discovered 18 testable URLs
2026-02-02 20:31:06,803 - scanner.core.scanner_orchestrator - INFO - Crawler found 18 total URLs, 15 testable URLs with parameters
2026-02-02 20:31:06,803 - scanner.core.scanner_orchestrator - INFO - Will test 15 URLs: ['http://testphp.vulnweb.com/listproducts.php?cat=1', 'http://testphp.vulnweb.com/listproducts.php?cat=2', 'http://testphp.vulnweb.com/listproducts.php?cat=3']...
2026-02-02 20:34:13,673 - scanner.core.scanner_orchestrator - INFO - Starting link crawler to discover testable URLs...
2026-02-02 20:34:20,469 - scanner.recon.link_crawler - INFO - Crawled 14 URLs, discovered 18 testable URLs
2026-02-02 20:34:20,470 - scanner.core.scanner_orchestrator - INFO - Crawler found 18 total URLs, 15 testable URLs with parameters
2026-02-02 20:34:20,470 - scanner.core.scanner_orchestrator - INFO - Will test 15 URLs: ['http://testphp.vulnweb.com/listproducts.php?cat=1', 'http://testphp.vulnweb.com/listproducts.php?cat=2', 'http://testphp.vulnweb.com/listproducts.php?cat=3']...
2026-02-02 20:47:09,310 - scanner.core.scanner_orchestrator - INFO - Starting link crawler to discover testable URLs...
2026-02-02 20:47:21,432 - scanner.recon.link_crawler - INFO - Crawled 14 URLs, discovered 17 testable URLs
2026-02-02 20:47:21,433 - scanner.core.scanner_orchestrator - INFO - Crawler found 17 total URLs, 15 testable URLs with parameters
2026-02-02 20:47:21,433 - scanner.core.scanner_orchestrator - INFO - Will test 15 URLs: ['http://testphp.vulnweb.com/listproducts.php?cat=1', 'http://testphp.vulnweb.com/listproducts.php?cat=2', 'http://testphp.vulnweb.com/listproducts.php?cat=3']...
2026-02-02 20:54:50,497 - scanner.core.scanner_orchestrator - INFO - Starting link crawler to discover testable URLs...
2026-02-02 20:55:04,297 - scanner.recon.link_crawler - INFO - Crawled 30 URLs, discovered 19 testable URLs
2026-02-02 20:55:04,297 - scanner.core.scanner_orchestrator - INFO - Crawler found 19 total URLs, 15 testable URLs with parameters
2026-02-02 20:55:04,297 - scanner.core.scanner_orchestrator - INFO - Will test 15 URLs: ['http://testphp.vulnweb.com/listproducts.php?cat=1', 'http://testphp.vulnweb.com/listproducts.php?cat=2', 'http://testphp.vulnweb.com/listproducts.php?cat=3']...
2026-02-02 21:03:46,936 - scanner.core.scanner_orchestrator - INFO - Starting link crawler to discover testable URLs...
2026-02-02 21:04:25,256 - scanner.recon.link_crawler - INFO - Crawled 30 URLs, discovered 1 testable URLs
2026-02-02 21:04:25,257 - scanner.core.scanner_orchestrator - INFO - Crawler found 1 total URLs, 1 testable URLs with parameters
2026-02-02 21:04:25,257 - scanner.core.scanner_orchestrator - INFO - Will test 1 URLs: ['https://xlserver.al-emtiaz.net/xlweb/default.aspx?u=Univ_ALNasser']...
